
 LIST MATERIALS       1 TO       6 BY       1
  PROPERTY= ALL

 PROPERTY TABLE PERX  MAT=       1  NUM. POINTS=  1
   TEMPERATURE     DATA    TEMPERATURE     DATA    TEMPERATURE     DATA
     0.0000     1.000000

 PROPERTY TABLE PERX  MAT=       2  NUM. POINTS=  1
   TEMPERATURE     DATA    TEMPERATURE     DATA    TEMPERATURE     DATA
     0.0000      5.0000

 PROPERTY TABLE PERX  MAT=       3  NUM. POINTS=  1
   TEMPERATURE     DATA    TEMPERATURE     DATA    TEMPERATURE     DATA
     0.0000      2.2600

 PROPERTY TABLE PERX  MAT=       4  NUM. POINTS=  1
   TEMPERATURE     DATA    TEMPERATURE     DATA    TEMPERATURE     DATA
     0.0000      1.0000

 PROPERTY TABLE PERX  MAT=       5  NUM. POINTS=  1
   TEMPERATURE     DATA    TEMPERATURE     DATA    TEMPERATURE     DATA
     0.0000      3.2000

 PROPERTY TABLE PERX  MAT=       6  NUM. POINTS=  1
   TEMPERATURE     DATA    TEMPERATURE     DATA    TEMPERATURE     DATA
     0.0000      1.0000
