This is METAFONT, Version 2.718281 (TeX Live 2013) (base=mf 2020.5.5)  13 JUL 2021 09:31
**data.txt rundata2/
(data.txt
>> Volume
! Isolated expression.
<to be read again> 
                   ,
l.1 Volume,
            Process, Particle, Process, Radius, SecondaryParent, EnergyDeposit
? 
! Extra tokens will be flushed.
<to be read again> 
                   ,
l.1 Volume,
            Process, Particle, Process, Radius, SecondaryParent, EnergyDeposit
? 
! Emergency stop.
<to be read again> 
                   ,
l.1 Volume,
            Process, Particle, Process, Radius, SecondaryParent, EnergyDeposit
End of file on the terminal!


